app/build/intermediates/manifest_merge_blame_file/debug/manifest-merger-blame-debug-report.txt
1<?xml version="1.0" encoding="utf-8"?>
2<manifest xmlns:android="http://schemas.android.com/apk/res/android"
3    package="com.example.finlit"
4    android:versionCode="1"
5    android:versionName="1.0" >
6
7    <uses-sdk
8        android:minSdkVersion="24"
8-->src/main/AndroidManifest.xml
9        android:targetSdkVersion="31" />
9-->src/main/AndroidManifest.xml
10
11    <uses-permission android:name="android.permission.INTERNET" />
11-->src/main/AndroidManifest.xml:4:5-67
11-->src/main/AndroidManifest.xml:4:22-64
12
13    <application
13-->src/main/AndroidManifest.xml:5:5-24:19
14        android:allowBackup="true"
14-->src/main/AndroidManifest.xml:6:9-35
15        android:appComponentFactory="androidx.core.app.CoreComponentFactory"
15-->[androidx.core:core:1.5.0] AndroidManifest.xml:24:18-86
16        android:debuggable="true"
17        android:extractNativeLibs="false"
18        android:icon="@mipmap/ic_launcher"
18-->src/main/AndroidManifest.xml:7:9-43
19        android:label="@string/app_name"
19-->src/main/AndroidManifest.xml:8:9-41
20        android:roundIcon="@mipmap/ic_launcher_round"
20-->src/main/AndroidManifest.xml:9:9-54
21        android:supportsRtl="true"
21-->src/main/AndroidManifest.xml:10:9-35
22        android:testOnly="true"
23        android:theme="@style/Theme.FinLit"
23-->src/main/AndroidManifest.xml:12:9-44
24        android:usesCleartextTraffic="true" >
24-->src/main/AndroidManifest.xml:11:9-44
25        <activity android:name="com.example.finlit.MainActivity" />
25-->src/main/AndroidManifest.xml:13:9-49
25-->src/main/AndroidManifest.xml:13:19-47
26        <activity android:name="com.example.finlit.AnimatedPage" />
26-->src/main/AndroidManifest.xml:14:9-50
26-->src/main/AndroidManifest.xml:14:19-47
27        <activity android:name="com.example.finlit.Graph" />
27-->src/main/AndroidManifest.xml:15:9-43
27-->src/main/AndroidManifest.xml:15:19-40
28        <activity
28-->src/main/AndroidManifest.xml:16:9-23:20
29            android:name="com.example.finlit.UserDetails"
29-->src/main/AndroidManifest.xml:16:19-46
30            android:exported="true" >
30-->src/main/AndroidManifest.xml:17:13-36
31            <intent-filter>
31-->src/main/AndroidManifest.xml:18:13-22:29
32                <action android:name="android.intent.action.MAIN" />
32-->src/main/AndroidManifest.xml:19:17-69
32-->src/main/AndroidManifest.xml:19:25-66
33
34                <category android:name="android.intent.category.LAUNCHER" />
34-->src/main/AndroidManifest.xml:21:17-77
34-->src/main/AndroidManifest.xml:21:27-74
35            </intent-filter>
36        </activity>
37    </application>
38
39</manifest>